#
# A fatal error has been detected by the Java Runtime Environment:
#
#  EXCEPTION_ACCESS_VIOLATION (0xc0000005) at pc=0x40003ab4, pid=8940, tid=3908
#
# JRE version: Java(TM) SE Runtime Environment (8.0_51-b16) (build 1.8.0_51-b16)
# Java VM: Java HotSpot(TM) Client VM (25.51-b03 mixed mode windows-x86 )
# Problematic frame:
# C  [VCL50.BPL+0x3ab4]
#
# Failed to write core dump. Minidumps are not enabled by default on client versions of Windows
#
# If you would like to submit a bug report, please visit:
#   http://bugreport.java.com/bugreport/crash.jsp
# The crash happened outside the Java Virtual Machine in native code.
# See problematic frame for where to report the bug.
#

---------------  T H R E A D  ---------------

Current thread (0x14344c00):  JavaThread "JDWP Transport Listener: dt_shmem" daemon [_thread_in_native, id=3908, stack(0x14650000,0x146a0000)]

siginfo: ExceptionCode=0xc0000005, reading address 0x001a02fc

Registers:
EAX=0x00113fec, EBX=0x00000003, ECX=0x001a0300, EDX=0x00000001
ESP=0x1469f670, EBP=0x1469f6c0, ESI=0x00113fe0, EDI=0x00000000
EIP=0x40003ab4, EFLAGS=0x00010202

Top of Stack: (sp=0x1469f670)
0x1469f670:   4003ce77 001119b8 00113fe0 00401933
0x1469f680:   00000000 001119b8 00000000 1469f6d8
0x1469f690:   0040442b 0040e444 1469f680 0000002c
0x1469f6a0:   02000002 00000000 00000000 00000000
0x1469f6b0:   ca0100cb 00000000 00113fe0 4003c9d0
0x1469f6c0:   1469f6fc 0040357a 00113ea0 00000003
0x1469f6d0:   0040e270 001119b8 1469f710 0040442b
0x1469f6e0:   0040e8bc 1469f6d0 00000000 00beb5d0 

Instructions: (pc=0x40003ab4)
0x40003a94:   00 00 00 00 83 c4 0c c3 e8 f7 03 00 00 84 d2 7e
0x40003aa4:   05 e8 de 03 00 00 c3 90 85 c0 74 07 8b 08 b2 01
0x40003ab4:   ff 51 fc c3 53 56 57 89 c3 89 d7 ab 8b 4b d8 31
0x40003ac4:   c0 51 c1 e9 02 49 f3 ab 59 83 e1 03 f3 aa 89 d0 


Register to memory mapping:

EAX=0x00113fec is an unknown value
EBX=0x00000003 is an unknown value
ECX=0x001a0300 is an unknown value
EDX=0x00000001 is an unknown value
ESP=0x1469f670 is pointing into the stack for thread: 0x14344c00
EBP=0x1469f6c0 is pointing into the stack for thread: 0x14344c00
ESI=0x00113fe0 is an unknown value
EDI=0x00000000 is an unknown value


Stack: [0x14650000,0x146a0000],  sp=0x1469f670,  free space=317k
Native frames: (J=compiled Java code, j=interpreted, Vv=VM code, C=native code)
C  [VCL50.BPL+0x3ab4]
C  [InnerTCP.dll+0x357a]
C  [InnerTCP.dll+0x335b]
C  [InnerTCP.dll+0x1563]
C  [InnerTCP.dll+0x8884]
C  [InnerTCP.dll+0x8beb]
C  [InnerTCP.dll+0x8aac]
C  [InnerTCP.dll+0x10bb]
C  [ntdll.dll+0x407a7]
C  [ntdll.dll+0x5df23]
C  [ntdll.dll+0x5ddfd]
C  [KERNEL32.DLL+0x2d523]
C  [msvcr100.dll+0x27997]
C  [msvcr100.dll+0x27ab0]
C  [msvcr100.dll+0x27b1d]
C  [jdwp.dll+0x9f80]
C  [jdwp.dll+0xbd3c]
C  0x50070000


---------------  P R O C E S S  ---------------

Java Threads: ( => current thread )
  0x14a1ec00 JavaThread "Keep-Alive-Timer" daemon [_thread_blocked, id=12604, stack(0x1e330000,0x1e380000)]
  0x14a1c800 JavaThread "Keep-Alive-SocketCleaner" daemon [_thread_blocked, id=3108, stack(0x1e2e0000,0x1e330000)]
  0x14a20000 JavaThread "Thread-4" [_thread_in_native, id=12376, stack(0x17130000,0x17180000)]
  0x14a1fc00 JavaThread "Thread-3" [_thread_in_native, id=1468, stack(0x170e0000,0x17130000)]
  0x14ace800 JavaThread "Thread-2" [_thread_in_native, id=12748, stack(0x16310000,0x16360000)]
  0x149c1000 JavaThread "org.netbeans.modules.debugger.jpda.visual AWT Access Loop" daemon [_thread_blocked, id=888, stack(0x160c0000,0x16110000)]
  0x14951000 JavaThread "AWT-EventQueue-0" [_thread_blocked, id=13912, stack(0x15b60000,0x15bb0000)]
  0x1494fc00 JavaThread "TimerQueue" daemon [_thread_blocked, id=11644, stack(0x15b10000,0x15b60000)]
  0x14900400 JavaThread "AWT-Windows" daemon [_thread_in_native, id=13416, stack(0x15110000,0x15160000)]
  0x148fec00 JavaThread "AWT-Shutdown" [_thread_blocked, id=2936, stack(0x15080000,0x150d0000)]
  0x148f9c00 JavaThread "Java2D Disposer" daemon [_thread_blocked, id=4292, stack(0x15030000,0x15080000)]
  0x14371400 JavaThread "Service Thread" daemon [_thread_blocked, id=11708, stack(0x14790000,0x147e0000)]
  0x1435b000 JavaThread "C1 CompilerThread0" daemon [_thread_blocked, id=10584, stack(0x14740000,0x14790000)]
  0x1434e000 JavaThread "JDWP Event Helper Thread" daemon [_thread_blocked, id=9568, stack(0x146a0000,0x146f0000)]
=>0x14344c00 JavaThread "JDWP Transport Listener: dt_shmem" daemon [_thread_in_native, id=3908, stack(0x14650000,0x146a0000)]
  0x14348c00 JavaThread "Attach Listener" daemon [_thread_blocked, id=14204, stack(0x14600000,0x14650000)]
  0x14346c00 JavaThread "Signal Dispatcher" daemon [_thread_blocked, id=6136, stack(0x145b0000,0x14600000)]
  0x14317000 JavaThread "Finalizer" daemon [_thread_blocked, id=10800, stack(0x14560000,0x145b0000)]
  0x14312400 JavaThread "Reference Handler" daemon [_thread_blocked, id=12404, stack(0x14510000,0x14560000)]
  0x00f8cc00 JavaThread "main" [_thread_blocked, id=11072, stack(0x00f30000,0x00f80000)]

Other Threads:
  0x0108d800 VMThread [stack: 0x142c0000,0x14310000] [id=11324]
  0x14373400 WatcherThread [stack: 0x147e0000,0x14830000] [id=10024]

VM state:not at safepoint (normal execution)

VM Mutex/Monitor currently owned by a thread: None

Heap:
 def new generation   total 4992K, used 1909K [0x03e00000, 0x04360000, 0x09350000)
  eden space 4480K,  31% used [0x03e00000, 0x03f5d790, 0x04260000)
  from space 512K, 100% used [0x04260000, 0x042e0000, 0x042e0000)
  to   space 512K,   0% used [0x042e0000, 0x042e0000, 0x04360000)
 tenured generation   total 10944K, used 9706K [0x09350000, 0x09e00000, 0x13e00000)
   the space 10944K,  88% used [0x09350000, 0x09cca938, 0x09ccaa00, 0x09e00000)
 Metaspace       used 7760K, capacity 7958K, committed 8064K, reserved 8576K

Card table byte_map: [0x03d50000,0x03de0000] byte_map_base: 0x03d31000

Polling page: 0x00af0000

CodeCache: size=32768Kb used=2485Kb max_used=2830Kb free=30282Kb
 bounds [0x01cd0000, 0x01fc0000, 0x03cd0000]
 total_blobs=975 nmethods=762 adapters=151
 compilation: enabled

Compilation events (10 events):
Event: 76872.489 Thread 0x1435b000 37834             java.lang.Number::<init> (5 bytes)
Event: 76872.489 Thread 0x1435b000 nmethod 37834 0x01f8a5c8 code [0x01f8a6c0, 0x01f8a740]
Event: 76872.982 Thread 0x1435b000 37835             java.security.MessageDigest$Delegate::engineUpdate (11 bytes)
Event: 76872.982 Thread 0x1435b000 nmethod 37835 0x01f76088 code [0x01f76190, 0x01f7624c]
Event: 76873.567 Thread 0x1435b000 37836             org.postgresql.core.v3.ConnectionFactoryImpl::sendStartupPacket (261 bytes)
Event: 76873.570 Thread 0x1435b000 nmethod 37836 0x01e7c788 code [0x01e7ca20, 0x01e7d9b0]
Event: 76873.786 Thread 0x1435b000 37837             org.postgresql.core.PGStream::ReceiveString (54 bytes)
Event: 76873.787 Thread 0x1435b000 nmethod 37837 0x01d7d8c8 code [0x01d7da00, 0x01d7dba0]
Event: 76874.685 Thread 0x1435b000 37838             java.lang.AbstractStringBuilder::append (144 bytes)
Event: 76874.686 Thread 0x1435b000 nmethod 37838 0x01d781c8 code [0x01d78380, 0x01d787d0]

GC Heap History (10 events):
Event: 76834.705 GC heap before
{Heap before GC invocations=23961 (full 7533):
 def new generation   total 4992K, used 4985K [0x03e00000, 0x04360000, 0x09350000)
  eden space 4480K,  99% used [0x03e00000, 0x0425e5e8, 0x04260000)
  from space 512K, 100% used [0x042e0000, 0x04360000, 0x04360000)
  to   space 512K,   0% used [0x04260000, 0x04260000, 0x042e0000)
 tenured generation   total 10944K, used 8209K [0x09350000, 0x09e00000, 0x13e00000)
   the space 10944K,  75% used [0x09350000, 0x09b54688, 0x09b54800, 0x09e00000)
 Metaspace       used 7759K, capacity 7958K, committed 8064K, reserved 8576K
Event: 76834.708 GC heap after
Heap after GC invocations=23962 (full 7533):
 def new generation   total 4992K, used 512K [0x03e00000, 0x04360000, 0x09350000)
  eden space 4480K,   0% used [0x03e00000, 0x03e00000, 0x04260000)
  from space 512K, 100% used [0x04260000, 0x042e0000, 0x042e0000)
  to   space 512K,   0% used [0x042e0000, 0x042e0000, 0x04360000)
 tenured generation   total 10944K, used 9932K [0x09350000, 0x09e00000, 0x13e00000)
   the space 10944K,  90% used [0x09350000, 0x09d031b0, 0x09d03200, 0x09e00000)
 Metaspace       used 7759K, capacity 7958K, committed 8064K, reserved 8576K
}
Event: 76837.516 GC heap before
{Heap before GC invocations=23962 (full 7533):
 def new generation   total 4992K, used 4992K [0x03e00000, 0x04360000, 0x09350000)
  eden space 4480K, 100% used [0x03e00000, 0x04260000, 0x04260000)
  from space 512K, 100% used [0x04260000, 0x042e0000, 0x042e0000)
  to   space 512K,   0% used [0x042e0000, 0x042e0000, 0x04360000)
 tenured generation   total 10944K, used 9932K [0x09350000, 0x09e00000, 0x13e00000)
   the space 10944K,  90% used [0x09350000, 0x09d031b0, 0x09d03200, 0x09e00000)
 Metaspace       used 7759K, capacity 7958K, committed 8064K, reserved 8576K
Event: 76837.541 GC heap after
Heap after GC invocations=23963 (full 7534):
 def new generation   total 4992K, used 0K [0x03e00000, 0x04360000, 0x09350000)
  eden space 4480K,   0% used [0x03e00000, 0x03e00000, 0x04260000)
  from space 512K,   0% used [0x042e0000, 0x042e0000, 0x04360000)
  to   space 512K,   0% used [0x04260000, 0x04260000, 0x042e0000)
 tenured generation   total 10944K, used 4575K [0x09350000, 0x09e00000, 0x13e00000)
   the space 10944K,  41% used [0x09350000, 0x097c7e98, 0x097c8000, 0x09e00000)
 Metaspace       used 7759K, capacity 7958K, committed 8064K, reserved 8576K
}
Event: 76868.866 GC heap before
{Heap before GC invocations=23963 (full 7534):
 def new generation   total 4992K, used 4480K [0x03e00000, 0x04360000, 0x09350000)
  eden space 4480K, 100% used [0x03e00000, 0x04260000, 0x04260000)
  from space 512K,   0% used [0x042e0000, 0x042e0000, 0x04360000)
  to   space 512K,   0% used [0x04260000, 0x04260000, 0x042e0000)
 tenured generation   total 10944K, used 4575K [0x09350000, 0x09e00000, 0x13e00000)
   the space 10944K,  41% used [0x09350000, 0x097c7e98, 0x097c8000, 0x09e00000)
 Metaspace       used 7760K, capacity 7958K, committed 8064K, reserved 8576K
Event: 76868.870 GC heap after
Heap after GC invocations=23964 (full 7534):
 def new generation   total 4992K, used 512K [0x03e00000, 0x04360000, 0x09350000)
  eden space 4480K,   0% used [0x03e00000, 0x03e00000, 0x04260000)
  from space 512K, 100% used [0x04260000, 0x042e0000, 0x042e0000)
  to   space 512K,   0% used [0x042e0000, 0x042e0000, 0x04360000)
 tenured generation   total 10944K, used 6108K [0x09350000, 0x09e00000, 0x13e00000)
   the space 10944K,  55% used [0x09350000, 0x09947298, 0x09947400, 0x09e00000)
 Metaspace       used 7760K, capacity 7958K, committed 8064K, reserved 8576K
}
Event: 76871.551 GC heap before
{Heap before GC invocations=23964 (full 7534):
 def new generation   total 4992K, used 4985K [0x03e00000, 0x04360000, 0x09350000)
  eden space 4480K,  99% used [0x03e00000, 0x0425e770, 0x04260000)
  from space 512K, 100% used [0x04260000, 0x042e0000, 0x042e0000)
  to   space 512K,   0% used [0x042e0000, 0x042e0000, 0x04360000)
 tenured generation   total 10944K, used 6108K [0x09350000, 0x09e00000, 0x13e00000)
   the space 10944K,  55% used [0x09350000, 0x09947298, 0x09947400, 0x09e00000)
 Metaspace       used 7760K, capacity 7958K, committed 8064K, reserved 8576K
Event: 76871.556 GC heap after
Heap after GC invocations=23965 (full 7534):
 def new generation   total 4992K, used 512K [0x03e00000, 0x04360000, 0x09350000)
  eden space 4480K,   0% used [0x03e00000, 0x03e00000, 0x04260000)
  from space 512K, 100% used [0x042e0000, 0x04360000, 0x04360000)
  to   space 512K,   0% used [0x04260000, 0x04260000, 0x042e0000)
 tenured generation   total 10944K, used 7957K [0x09350000, 0x09e00000, 0x13e00000)
   the space 10944K,  72% used [0x09350000, 0x09b15408, 0x09b15600, 0x09e00000)
 Metaspace       used 7760K, capacity 7958K, committed 8064K, reserved 8576K
}
Event: 76874.297 GC heap before
{Heap before GC invocations=23965 (full 7534):
 def new generation   total 4992K, used 4992K [0x03e00000, 0x04360000, 0x09350000)
  eden space 4480K, 100% used [0x03e00000, 0x04260000, 0x04260000)
  from space 512K, 100% used [0x042e0000, 0x04360000, 0x04360000)
  to   space 512K,   0% used [0x04260000, 0x04260000, 0x042e0000)
 tenured generation   total 10944K, used 7957K [0x09350000, 0x09e00000, 0x13e00000)
   the space 10944K,  72% used [0x09350000, 0x09b15408, 0x09b15600, 0x09e00000)
 Metaspace       used 7760K, capacity 7958K, committed 8064K, reserved 8576K
Event: 76874.303 GC heap after
Heap after GC invocations=23966 (full 7534):
 def new generation   total 4992K, used 512K [0x03e00000, 0x04360000, 0x09350000)
  eden space 4480K,   0% used [0x03e00000, 0x03e00000, 0x04260000)
  from space 512K, 100% used [0x04260000, 0x042e0000, 0x042e0000)
  to   space 512K,   0% used [0x042e0000, 0x042e0000, 0x04360000)
 tenured generation   total 10944K, used 9706K [0x09350000, 0x09e00000, 0x13e00000)
   the space 10944K,  88% used [0x09350000, 0x09cca938, 0x09ccaa00, 0x09e00000)
 Metaspace       used 7760K, capacity 7958K, committed 8064K, reserved 8576K
}

Deoptimization events (0 events):
No events

Internal exceptions (10 events):
Event: 76874.308 Thread 0x14317000 Exception <a 'java/net/SocketException': Socket closed> (0x03e0d2d8) thrown at [C:\re\workspace\8-2-build-windows-i586-cygwin\jdk8u51\3951\hotspot\src\share\vm\prims\jni.cpp, line 735]
Event: 76874.309 Thread 0x14317000 Exception <a 'java/net/SocketException': Socket closed> (0x03e0d670) thrown at [C:\re\workspace\8-2-build-windows-i586-cygwin\jdk8u51\3951\hotspot\src\share\vm\prims\jni.cpp, line 735]
Event: 76874.309 Thread 0x14317000 Exception <a 'java/net/SocketException': Socket closed> (0x03e0da38) thrown at [C:\re\workspace\8-2-build-windows-i586-cygwin\jdk8u51\3951\hotspot\src\share\vm\prims\jni.cpp, line 735]
Event: 76874.309 Thread 0x14317000 Exception <a 'java/net/SocketException': Socket closed> (0x03e0ddd0) thrown at [C:\re\workspace\8-2-build-windows-i586-cygwin\jdk8u51\3951\hotspot\src\share\vm\prims\jni.cpp, line 735]
Event: 76874.309 Thread 0x14317000 Exception <a 'java/net/SocketException': Socket closed> (0x03e0e180) thrown at [C:\re\workspace\8-2-build-windows-i586-cygwin\jdk8u51\3951\hotspot\src\share\vm\prims\jni.cpp, line 735]
Event: 76874.309 Thread 0x14317000 Exception <a 'java/net/SocketException': Socket closed> (0x03e0e518) thrown at [C:\re\workspace\8-2-build-windows-i586-cygwin\jdk8u51\3951\hotspot\src\share\vm\prims\jni.cpp, line 735]
Event: 76874.309 Thread 0x14317000 Exception <a 'java/net/SocketException': Socket closed> (0x03e0e8b0) thrown at [C:\re\workspace\8-2-build-windows-i586-cygwin\jdk8u51\3951\hotspot\src\share\vm\prims\jni.cpp, line 735]
Event: 76874.310 Thread 0x14317000 Exception <a 'java/net/SocketException': Socket closed> (0x03e0ec78) thrown at [C:\re\workspace\8-2-build-windows-i586-cygwin\jdk8u51\3951\hotspot\src\share\vm\prims\jni.cpp, line 735]
Event: 76874.310 Thread 0x14317000 Exception <a 'java/net/SocketException': Socket closed> (0x03e0f010) thrown at [C:\re\workspace\8-2-build-windows-i586-cygwin\jdk8u51\3951\hotspot\src\share\vm\prims\jni.cpp, line 735]
Event: 76874.310 Thread 0x14317000 Exception <a 'java/net/SocketException': Socket closed> (0x03e0f3c0) thrown at [C:\re\workspace\8-2-build-windows-i586-cygwin\jdk8u51\3951\hotspot\src\share\vm\prims\jni.cpp, line 735]

Events (10 events):
Event: 76874.523 Thread 0x14a1fc00 DEOPT PACKING pc=0x01f681c4 sp=0x1712f410
Event: 76874.523 Thread 0x14a1fc00 DEOPT UNPACKING pc=0x01d0c5db sp=0x1712f2d8 mode 1
Event: 76874.532 Thread 0x14ace800 DEOPT PACKING pc=0x01f681c4 sp=0x1635ef50
Event: 76874.532 Thread 0x14ace800 DEOPT UNPACKING pc=0x01d0c5db sp=0x1635ee18 mode 1
Event: 76874.687 Thread 0x1435b000 flushing nmethod 0x01d72a48
Event: 76874.864 Thread 0x14a1fc00 DEOPT PACKING pc=0x01f681c4 sp=0x1712f410
Event: 76874.864 Thread 0x14a1fc00 DEOPT UNPACKING pc=0x01d0c5db sp=0x1712f2d8 mode 1
Event: 76874.871 Thread 0x14ace800 DEOPT PACKING pc=0x01f681c4 sp=0x1635ef50
Event: 76874.871 Thread 0x14ace800 DEOPT UNPACKING pc=0x01d0c5db sp=0x1635ee18 mode 1
Event: 76874.895 Thread 0x14352800 Thread exited: 0x14352800


Dynamic libraries:
0x01090000 - 0x010c3000 	C:\Program Files\Java\jdk1.8.0_51\bin\java.exe
0x76fd0000 - 0x7715d000 	C:\WINDOWS\SYSTEM32\ntdll.dll
0x74b70000 - 0x74c05000 	C:\WINDOWS\System32\KERNEL32.DLL
0x746c0000 - 0x74885000 	C:\WINDOWS\System32\KERNELBASE.dll
0x72640000 - 0x726d3000 	C:\WINDOWS\SYSTEM32\apphelp.dll
0x76380000 - 0x763f7000 	C:\WINDOWS\System32\ADVAPI32.dll
0x76880000 - 0x7693d000 	C:\WINDOWS\System32\msvcrt.dll
0x76400000 - 0x76441000 	C:\WINDOWS\System32\sechost.dll
0x74920000 - 0x749e7000 	C:\WINDOWS\System32\RPCRT4.dll
0x76e40000 - 0x76f70000 	C:\WINDOWS\System32\USER32.dll
0x73b70000 - 0x73b8a000 	C:\WINDOWS\System32\win32u.dll
0x76e10000 - 0x76e31000 	C:\WINDOWS\System32\GDI32.dll
0x73d30000 - 0x73e8d000 	C:\WINDOWS\System32\gdi32full.dll
0x73c70000 - 0x73ce9000 	C:\WINDOWS\System32\msvcp_win.dll
0x74420000 - 0x74538000 	C:\WINDOWS\System32\ucrtbase.dll
0x6c560000 - 0x6c76e000 	C:\WINDOWS\WinSxS\x86_microsoft.windows.common-controls_6595b64144ccf1df_6.0.15063.0_none_583b8639f462029f\COMCTL32.dll
0x765e0000 - 0x76818000 	C:\WINDOWS\System32\combase.dll
0x74890000 - 0x748e7000 	C:\WINDOWS\System32\bcryptPrimitives.dll
0x748f0000 - 0x74916000 	C:\WINDOWS\System32\IMM32.DLL
0x64260000 - 0x6431f000 	C:\Program Files\Java\jdk1.8.0_51\jre\bin\msvcr100.dll
0x55a20000 - 0x55de0000 	C:\Program Files\Java\jdk1.8.0_51\jre\bin\client\jvm.dll
0x76940000 - 0x76946000 	C:\WINDOWS\System32\PSAPI.DLL
0x72530000 - 0x72554000 	C:\WINDOWS\SYSTEM32\WINMM.dll
0x699a0000 - 0x699a8000 	C:\WINDOWS\SYSTEM32\WSOCK32.dll
0x710c0000 - 0x710c8000 	C:\WINDOWS\SYSTEM32\VERSION.dll
0x762a0000 - 0x76307000 	C:\WINDOWS\System32\WS2_32.dll
0x724b0000 - 0x724d3000 	C:\WINDOWS\SYSTEM32\WINMMBASE.dll
0x73cf0000 - 0x73d29000 	C:\WINDOWS\System32\cfgmgr32.dll
0x70240000 - 0x7024c000 	C:\Program Files\Java\jdk1.8.0_51\jre\bin\verify.dll
0x6b610000 - 0x6b631000 	C:\Program Files\Java\jdk1.8.0_51\jre\bin\java.dll
0x66260000 - 0x66289000 	C:\Program Files\Java\jdk1.8.0_51\jre\bin\jdwp.dll
0x6f2e0000 - 0x6f2e7000 	C:\Program Files\Java\jdk1.8.0_51\jre\bin\npt.dll
0x70200000 - 0x70213000 	C:\Program Files\Java\jdk1.8.0_51\jre\bin\zip.dll
0x74de0000 - 0x76128000 	C:\WINDOWS\System32\SHELL32.dll
0x749f0000 - 0x74a7c000 	C:\WINDOWS\System32\shcore.dll
0x73e90000 - 0x74417000 	C:\WINDOWS\System32\windows.storage.dll
0x76330000 - 0x76375000 	C:\WINDOWS\System32\shlwapi.dll
0x73b50000 - 0x73b5e000 	C:\WINDOWS\System32\kernel.appcore.dll
0x73af0000 - 0x73b35000 	C:\WINDOWS\System32\powrprof.dll
0x73b60000 - 0x73b70000 	C:\WINDOWS\System32\profapi.dll
0x6f400000 - 0x6f409000 	C:\Program Files\Java\jdk1.8.0_51\jre\bin\dt_shmem.dll
0x65230000 - 0x65375000 	C:\Program Files\Java\jdk1.8.0_51\jre\bin\awt.dll
0x76d70000 - 0x76e06000 	C:\WINDOWS\System32\OLEAUT32.dll
0x71ed0000 - 0x71ef3000 	C:\WINDOWS\system32\DWMAPI.DLL
0x727b0000 - 0x72829000 	C:\WINDOWS\system32\uxtheme.dll
0x76150000 - 0x76296000 	C:\WINDOWS\System32\MSCTF.dll
0x76450000 - 0x76543000 	C:\WINDOWS\System32\ole32.dll
0x6b520000 - 0x6b559000 	C:\Program Files\Java\jdk1.8.0_51\jre\bin\fontmanager.dll
0x5fee0000 - 0x5ff64000 	C:\WINDOWS\SYSTEM32\mscms.dll
0x73a00000 - 0x73a22000 	C:\WINDOWS\SYSTEM32\USERENV.dll
0x65a00000 - 0x65a3d000 	C:\WINDOWS\SYSTEM32\icm32.dll
0x6f700000 - 0x6f715000 	C:\Program Files\Java\jdk1.8.0_51\jre\bin\net.dll
0x734b0000 - 0x73500000 	C:\WINDOWS\system32\mswsock.dll
0x6ff10000 - 0x6ff1f000 	C:\Program Files\Java\jdk1.8.0_51\jre\bin\nio.dll
0x732f0000 - 0x7336f000 	C:\WINDOWS\SYSTEM32\DNSAPI.dll
0x76130000 - 0x76137000 	C:\WINDOWS\System32\NSI.dll
0x732c0000 - 0x732ef000 	C:\WINDOWS\SYSTEM32\IPHLPAPI.DLL
0x6e1a0000 - 0x6e1a8000 	C:\Windows\System32\rasadhlp.dll
0x6be70000 - 0x6beba000 	C:\WINDOWS\System32\fwpuclnt.dll
0x739e0000 - 0x739fa000 	C:\WINDOWS\SYSTEM32\bcrypt.dll
0x16360000 - 0x1643d000 	C:\Windows\System32\EasyInner.dll
0x76550000 - 0x765d3000 	C:\WINDOWS\System32\clbcatq.dll
0x16660000 - 0x16683000 	C:\Windows\system32\InnerTCPLib.dll
0x66000000 - 0x66153000 	C:\Windows\system32\MSVBVM60.DLL
0x73950000 - 0x739d6000 	C:\WINDOWS\SYSTEM32\SXS.DLL
0x22170000 - 0x2218c000 	C:\WINDOWS\system32\MSWINSCK.OCX
0x00400000 - 0x0041c000 	C:\WINDOWS\SYSTEM32\InnerTCP.dll
0x40000000 - 0x401f2000 	C:\WINDOWS\SYSTEM32\VCL50.BPL
0x74a80000 - 0x74b6f000 	C:\WINDOWS\System32\comdlg32.dll
0x707a0000 - 0x707b6000 	C:\WINDOWS\SYSTEM32\mpr.dll
0x6b6e0000 - 0x6b705000 	C:\WINDOWS\SYSTEM32\oledlg.dll
0x70fe0000 - 0x7104e000 	C:\WINDOWS\SYSTEM32\winspool.drv
0x67b80000 - 0x67cdd000 	C:\WINDOWS\SYSTEM32\dbghelp.dll

VM Arguments:
jvm_args: -Xdebug -Xrunjdwp:transport=dt_shmem,address=javadebug -Dfile.encoding=UTF-8 
java_command: com.topdata.easyInner.ui.JFRMainCatraca
java_class_path (initial): C:\Users\Claudemir Rtools\Documents\Projetos\Catraca v5\lib\NBioBSPJNI.jar;C:\Users\Claudemir Rtools\Documents\Projetos\Catraca v5\lib\jl1.0.jar;C:\Users\Claudemir Rtools\Documents\Projetos\Catraca v5\lib\jogg-0.0.7.jar;C:\Users\Claudemir Rtools\Documents\Projetos\Catraca v5\lib\jorbis-0.0.13.jar;C:\Users\Claudemir Rtools\Documents\Projetos\Catraca v5\lib\mp3spi1.9.4.jar;C:\Users\Claudemir Rtools\Documents\Projetos\Catraca v5\lib\postgresql-9.3-1102.jdbc4.jar;C:\Users\Claudemir Rtools\Documents\Projetos\Catraca v5\lib\tritonus_share.jar;C:\Users\Claudemir Rtools\Documents\Projetos\Catraca v5\lib\vorbisspi1.0.1.jar;C:\Users\Claudemir Rtools\Documents\Projetos\Catraca v5\lib\java-json.jar;C:\Program Files\NetBeans 8.2\java\modules\ext\eclipselink\eclipselink.jar;C:\Program Files\NetBeans 8.2\java\modules\ext\eclipselink\javax.persistence_2.1.0.v201304241213.jar;C:\Program Files\NetBeans 8.2\java\modules\ext\eclipselink\org.eclipse.persistence.jpa.jpql_2.5.2.v20140319-9ad6abd.jar;C:\Users\Claudemir Rtools\Documents\Projetos\Catraca v5\lib\tyrus-standalone-client-1.13.jar;C:\Users\Claudemir Rtools\Documents\Projetos\Catraca v5\lib\tyrus-client-1.13.jar;C:\Users\Claudemir Rtools\Documents\Projetos\Catraca v5\lib\tyrus-container-glassfish-cdi-1.13.jar;C:\Users\Claudemir Rtools\Documents\Projetos\Catraca v5\lib\tyrus-container-grizzly-client-1.13.jar;C:\Users\Claudemir Rtools\Documents\Projetos\Catraca v5\lib\tyrus-container-servlet-1.13.jar;C:\Users\Claudemir Rtools\Documents\Projetos\Catraca v5\lib\tyrus-core-1.13.jar;C:\Users\Claudemir Rtools\Documents\Projetos\Catraca v5\lib\tyrus-server-1.13.jar;C:\Users\Claudemir Rtools\Documents\Projetos\Catraca v5\lib\tyrus-spi-1.13.jar;C:\Users\Claudemir Rtools\Documents\Projetos\Catraca v5\build\classes
Launcher Type: SUN_STANDARD

Environment Variables:
JAVA_HOME=C:\Program Files\Java\jdk1.8.0_51
PATH=C:\ProgramData\Oracle\Java\javapath;C:\WINDOWS\system32;C:\WINDOWS;C:\WINDOWS\System32\Wbem;C:\WINDOWS\System32\WindowsPowerShell\v1.0\;C:\Program Files\Bitvise SSH Client;C:\xampp\php;C:\ProgramData\ComposerSetup\bin;C:\Program Files\nodejs\;C:\Program Files\Skype\Phone\;C:\Program Files\Git\cmd;C:\Program Files\PuTTY\;C:\OpenSSL-Win32\bin;C:\Users\Claudemir Rtools\AppData\Local\Microsoft\WindowsApps;C:\Users\Claudemir Rtools\AppData\Roaming\Composer\vendor\bin;C:\Users\Claudemir Rtools\AppData\Roaming\npm;C:\OpenSSL-Win32\bin;
USERNAME=Claudemir Rtools
OS=Windows_NT
PROCESSOR_IDENTIFIER=x86 Family 6 Model 42 Stepping 7, GenuineIntel



---------------  S Y S T E M  ---------------

OS: Windows 10.0 Build 15063 (10.0.15063.296)

CPU:total 4 (2 cores per cpu, 2 threads per core) family 6 model 42 stepping 7, cmov, cx8, fxsr, mmx, sse, sse2, sse3, ssse3, sse4.1, sse4.2, popcnt, avx, clmul, ht, tsc, tscinvbit

Memory: 4k page, physical 3568456k(516180k free), swap 5927752k(1120148k free)

vm_info: Java HotSpot(TM) Client VM (25.51-b03) for windows-x86 JRE (1.8.0_51-b16), built on Jun  8 2015 18:00:23 by "java_re" with MS VC++ 10.0 (VS2010)

time: Tue Oct 17 15:23:59 2017
elapsed time: 77068 seconds (0d 21h 24m 28s)

