#
# A fatal error has been detected by the Java Runtime Environment:
#
#  EXCEPTION_ACCESS_VIOLATION (0xc0000005) at pc=0x00000000, pid=5024, tid=10448
#
# JRE version: Java(TM) SE Runtime Environment (8.0_51-b16) (build 1.8.0_51-b16)
# Java VM: Java HotSpot(TM) Client VM (25.51-b03 mixed mode windows-x86 )
# Problematic frame:
# C  0x00000000
#
# Failed to write core dump. Minidumps are not enabled by default on client versions of Windows
#
# If you would like to submit a bug report, please visit:
#   http://bugreport.java.com/bugreport/crash.jsp
# The crash happened outside the Java Virtual Machine in native code.
# See problematic frame for where to report the bug.
#

---------------  T H R E A D  ---------------

Current thread (0x14777c00):  JavaThread "JDWP Transport Listener: dt_shmem" daemon [_thread_in_native, id=10448, stack(0x14a80000,0x14ad0000)]

siginfo: ExceptionCode=0xc0000005, ExceptionInformation=0x00000008 0x00000000

Registers:
EAX=0x004325ac, EBX=0x00000003, ECX=0x004325a8, EDX=0x00000001
ESP=0x14acefac, EBP=0x14acf000, ESI=0x00432520, EDI=0x00000000
EIP=0x00000000, EFLAGS=0x00010206

Top of Stack: (sp=0x14acefac)
0x14acefac:   40003ab7 400ec3ce 004319b8 00432520
0x14acefbc:   0040195d 00000000 004319b8 00000001
0x14acefcc:   14acf018 0040442b 0040e444 14acefc0
0x14acefdc:   00000044 00000000 00000001 00000000
0x14acefec:   7444c785 00432520 400e9168 00432740
0x14aceffc:   4003c9d0 14acf03c 0040357a 004324e8
0x14acf00c:   00000003 0040e270 004319b8 14acf050
0x14acf01c:   0040442b 0040e8bc 14acf010 00000000 

Instructions: (pc=0x00000000)
0xffffffe0:   


Register to memory mapping:

EAX=0x004325ac is an unknown value
EBX=0x00000003 is an unknown value
ECX=0x004325a8 is an unknown value
EDX=0x00000001 is an unknown value
ESP=0x14acefac is pointing into the stack for thread: 0x14777c00
EBP=0x14acf000 is pointing into the stack for thread: 0x14777c00
ESI=0x00432520 is an unknown value
EDI=0x00000000 is an unknown value


Stack: [0x14a80000,0x14ad0000],  sp=0x14acefac,  free space=315k

---------------  P R O C E S S  ---------------

Java Threads: ( => current thread )
  0x14f1f800 JavaThread "Keep-Alive-Timer" daemon [_thread_blocked, id=10496, stack(0x1c8f0000,0x1c940000)]
  0x14f22800 JavaThread "Keep-Alive-SocketCleaner" daemon [_thread_blocked, id=600, stack(0x1c8a0000,0x1c8f0000)]
  0x14f22400 JavaThread "Thread-4" [_thread_blocked, id=9708, stack(0x17550000,0x175a0000)]
  0x14f21000 JavaThread "Thread-3" [_thread_blocked, id=6000, stack(0x17500000,0x17550000)]
  0x14e7c800 JavaThread "Thread-2" [_thread_blocked, id=7844, stack(0x16750000,0x167a0000)]
  0x14df0800 JavaThread "org.netbeans.modules.debugger.jpda.visual AWT Access Loop" daemon [_thread_blocked, id=6396, stack(0x16500000,0x16550000)]
  0x14d80c00 JavaThread "AWT-EventQueue-0" [_thread_blocked, id=6464, stack(0x15fa0000,0x15ff0000)]
  0x14d80800 JavaThread "TimerQueue" daemon [_thread_blocked, id=2416, stack(0x15550000,0x155a0000)]
  0x14d32c00 JavaThread "AWT-Windows" daemon [_thread_in_native, id=10452, stack(0x15500000,0x15550000)]
  0x14d30c00 JavaThread "AWT-Shutdown" [_thread_blocked, id=7412, stack(0x154b0000,0x15500000)]
  0x14d2c400 JavaThread "Java2D Disposer" daemon [_thread_blocked, id=4520, stack(0x15460000,0x154b0000)]
  0x147a5400 JavaThread "Service Thread" daemon [_thread_blocked, id=12880, stack(0x14bc0000,0x14c10000)]
  0x14789000 JavaThread "C1 CompilerThread0" daemon [_thread_blocked, id=3716, stack(0x14b70000,0x14bc0000)]
  0x1477a400 JavaThread "JDWP Event Helper Thread" daemon [_thread_blocked, id=8048, stack(0x14ad0000,0x14b20000)]
=>0x14777c00 JavaThread "JDWP Transport Listener: dt_shmem" daemon [_thread_in_native, id=10448, stack(0x14a80000,0x14ad0000)]
  0x1476d000 JavaThread "Attach Listener" daemon [_thread_blocked, id=10204, stack(0x14a30000,0x14a80000)]
  0x1476b000 JavaThread "Signal Dispatcher" daemon [_thread_blocked, id=5488, stack(0x149e0000,0x14a30000)]
  0x14747800 JavaThread "Finalizer" daemon [_thread_blocked, id=6964, stack(0x14990000,0x149e0000)]
  0x14742400 JavaThread "Reference Handler" daemon [_thread_blocked, id=6188, stack(0x14940000,0x14990000)]
  0x0210cc00 JavaThread "main" [_thread_blocked, id=4560, stack(0x01f70000,0x01fc0000)]

Other Threads:
  0x020bd800 VMThread [stack: 0x146f0000,0x14740000] [id=12904]
  0x147a7400 WatcherThread [stack: 0x14c10000,0x14c60000] [id=13972]

VM state:not at safepoint (normal execution)

VM Mutex/Monitor currently owned by a thread: None

Heap:
 def new generation   total 4992K, used 1170K [0x04200000, 0x04760000, 0x09750000)
  eden space 4480K,  14% used [0x04200000, 0x042a4af0, 0x04660000)
  from space 512K, 100% used [0x04660000, 0x046e0000, 0x046e0000)
  to   space 512K,   0% used [0x046e0000, 0x046e0000, 0x04760000)
 tenured generation   total 10944K, used 10599K [0x09750000, 0x0a200000, 0x14200000)
   the space 10944K,  96% used [0x09750000, 0x0a1a9cd8, 0x0a1a9e00, 0x0a200000)
 Metaspace       used 8163K, capacity 8377K, committed 8448K, reserved 8576K

Card table byte_map: [0x14200000,0x14290000] byte_map_base: 0x141df000

Polling page: 0x01060000

CodeCache: size=32768Kb used=2654Kb max_used=2828Kb free=30113Kb
 bounds [0x02110000, 0x023d8000, 0x04110000]
 total_blobs=1193 nmethods=970 adapters=162
 compilation: enabled

Compilation events (10 events):
Event: 308.484 Thread 0x14789000 1197             java.util.concurrent.locks.ReentrantLock$NonfairSync::lock (25 bytes)
Event: 308.485 Thread 0x14789000 nmethod 1197 0x0222fc88 code [0x0222fdb0, 0x0222ff20]
Event: 318.726 Thread 0x14789000 1198             java.text.SimpleDateFormat::compile (678 bytes)
Event: 318.729 Thread 0x14789000 nmethod 1198 0x021f8e08 code [0x021f9170, 0x021fa798]
Event: 325.701 Thread 0x14789000 1199             java.io.StringReader::ensureOpen (18 bytes)
Event: 325.702 Thread 0x14789000 nmethod 1199 0x021cf508 code [0x021cf610, 0x021cf70c]
Event: 325.812 Thread 0x14789000 1200             java.util.HashMap$Node::<init> (26 bytes)
Event: 325.812 Thread 0x14789000 nmethod 1200 0x02226188 code [0x02226280, 0x02226330]
Event: 336.897 Thread 0x14789000 1201 % !         java.lang.ref.Finalizer$FinalizerThread::run @ 33 (55 bytes)
Event: 336.898 Thread 0x14789000 nmethod 1201% 0x02233dc8 code [0x02233f20, 0x022342f4]

GC Heap History (10 events):
Event: 219.652 GC heap before
{Heap before GC invocations=89 (full 13):
 def new generation   total 4992K, used 4482K [0x04200000, 0x04760000, 0x09750000)
  eden space 4480K, 100% used [0x04200000, 0x04660000, 0x04660000)
  from space 512K,   0% used [0x046e0000, 0x046e0850, 0x04760000)
  to   space 512K,   0% used [0x04660000, 0x04660000, 0x046e0000)
 tenured generation   total 10944K, used 6286K [0x09750000, 0x0a200000, 0x14200000)
   the space 10944K,  57% used [0x09750000, 0x09d73848, 0x09d73a00, 0x0a200000)
 Metaspace       used 8124K, capacity 8345K, committed 8448K, reserved 8576K
Event: 219.653 GC heap after
Heap after GC invocations=90 (full 13):
 def new generation   total 4992K, used 34K [0x04200000, 0x04760000, 0x09750000)
  eden space 4480K,   0% used [0x04200000, 0x04200000, 0x04660000)
  from space 512K,   6% used [0x04660000, 0x04668830, 0x046e0000)
  to   space 512K,   0% used [0x046e0000, 0x046e0000, 0x04760000)
 tenured generation   total 10944K, used 6286K [0x09750000, 0x0a200000, 0x14200000)
   the space 10944K,  57% used [0x09750000, 0x09d73848, 0x09d73a00, 0x0a200000)
 Metaspace       used 8124K, capacity 8345K, committed 8448K, reserved 8576K
}
Event: 219.756 GC heap before
{Heap before GC invocations=90 (full 13):
 def new generation   total 4992K, used 4514K [0x04200000, 0x04760000, 0x09750000)
  eden space 4480K, 100% used [0x04200000, 0x04660000, 0x04660000)
  from space 512K,   6% used [0x04660000, 0x04668830, 0x046e0000)
  to   space 512K,   0% used [0x046e0000, 0x046e0000, 0x04760000)
 tenured generation   total 10944K, used 6286K [0x09750000, 0x0a200000, 0x14200000)
   the space 10944K,  57% used [0x09750000, 0x09d73848, 0x09d73a00, 0x0a200000)
 Metaspace       used 8124K, capacity 8345K, committed 8448K, reserved 8576K
Event: 219.757 GC heap after
Heap after GC invocations=91 (full 13):
 def new generation   total 4992K, used 108K [0x04200000, 0x04760000, 0x09750000)
  eden space 4480K,   0% used [0x04200000, 0x04200000, 0x04660000)
  from space 512K,  21% used [0x046e0000, 0x046fb0a0, 0x04760000)
  to   space 512K,   0% used [0x04660000, 0x04660000, 0x046e0000)
 tenured generation   total 10944K, used 6286K [0x09750000, 0x0a200000, 0x14200000)
   the space 10944K,  57% used [0x09750000, 0x09d73848, 0x09d73a00, 0x0a200000)
 Metaspace       used 8124K, capacity 8345K, committed 8448K, reserved 8576K
}
Event: 222.489 GC heap before
{Heap before GC invocations=91 (full 13):
 def new generation   total 4992K, used 4588K [0x04200000, 0x04760000, 0x09750000)
  eden space 4480K, 100% used [0x04200000, 0x04660000, 0x04660000)
  from space 512K,  21% used [0x046e0000, 0x046fb0a0, 0x04760000)
  to   space 512K,   0% used [0x04660000, 0x04660000, 0x046e0000)
 tenured generation   total 10944K, used 6286K [0x09750000, 0x0a200000, 0x14200000)
   the space 10944K,  57% used [0x09750000, 0x09d73848, 0x09d73a00, 0x0a200000)
 Metaspace       used 8124K, capacity 8345K, committed 8448K, reserved 8576K
Event: 222.497 GC heap after
Heap after GC invocations=92 (full 13):
 def new generation   total 4992K, used 512K [0x04200000, 0x04760000, 0x09750000)
  eden space 4480K,   0% used [0x04200000, 0x04200000, 0x04660000)
  from space 512K, 100% used [0x04660000, 0x046e0000, 0x046e0000)
  to   space 512K,   0% used [0x046e0000, 0x046e0000, 0x04760000)
 tenured generation   total 10944K, used 7892K [0x09750000, 0x0a200000, 0x14200000)
   the space 10944K,  72% used [0x09750000, 0x09f052d0, 0x09f05400, 0x0a200000)
 Metaspace       used 8124K, capacity 8345K, committed 8448K, reserved 8576K
}
Event: 232.440 GC heap before
{Heap before GC invocations=92 (full 13):
 def new generation   total 4992K, used 4992K [0x04200000, 0x04760000, 0x09750000)
  eden space 4480K, 100% used [0x04200000, 0x04660000, 0x04660000)
  from space 512K, 100% used [0x04660000, 0x046e0000, 0x046e0000)
  to   space 512K,   0% used [0x046e0000, 0x046e0000, 0x04760000)
 tenured generation   total 10944K, used 7892K [0x09750000, 0x0a200000, 0x14200000)
   the space 10944K,  72% used [0x09750000, 0x09f052d0, 0x09f05400, 0x0a200000)
 Metaspace       used 8124K, capacity 8345K, committed 8448K, reserved 8576K
Event: 232.443 GC heap after
Heap after GC invocations=93 (full 13):
 def new generation   total 4992K, used 512K [0x04200000, 0x04760000, 0x09750000)
  eden space 4480K,   0% used [0x04200000, 0x04200000, 0x04660000)
  from space 512K, 100% used [0x046e0000, 0x04760000, 0x04760000)
  to   space 512K,   0% used [0x04660000, 0x04660000, 0x046e0000)
 tenured generation   total 10944K, used 9426K [0x09750000, 0x0a200000, 0x14200000)
   the space 10944K,  86% used [0x09750000, 0x0a084820, 0x0a084a00, 0x0a200000)
 Metaspace       used 8124K, capacity 8345K, committed 8448K, reserved 8576K
}
Event: 336.892 GC heap before
{Heap before GC invocations=93 (full 13):
 def new generation   total 4992K, used 4992K [0x04200000, 0x04760000, 0x09750000)
  eden space 4480K, 100% used [0x04200000, 0x04660000, 0x04660000)
  from space 512K, 100% used [0x046e0000, 0x04760000, 0x04760000)
  to   space 512K,   0% used [0x04660000, 0x04660000, 0x046e0000)
 tenured generation   total 10944K, used 9426K [0x09750000, 0x0a200000, 0x14200000)
   the space 10944K,  86% used [0x09750000, 0x0a084820, 0x0a084a00, 0x0a200000)
 Metaspace       used 8163K, capacity 8377K, committed 8448K, reserved 8576K
Event: 336.895 GC heap after
Heap after GC invocations=94 (full 13):
 def new generation   total 4992K, used 512K [0x04200000, 0x04760000, 0x09750000)
  eden space 4480K,   0% used [0x04200000, 0x04200000, 0x04660000)
  from space 512K, 100% used [0x04660000, 0x046e0000, 0x046e0000)
  to   space 512K,   0% used [0x046e0000, 0x046e0000, 0x04760000)
 tenured generation   total 10944K, used 10599K [0x09750000, 0x0a200000, 0x14200000)
   the space 10944K,  96% used [0x09750000, 0x0a1a9cd8, 0x0a1a9e00, 0x0a200000)
 Metaspace       used 8163K, capacity 8377K, committed 8448K, reserved 8576K
}

Deoptimization events (0 events):
No events

Internal exceptions (10 events):
Event: 336.901 Thread 0x14747800 Exception <a 'java/net/SocketException': Socket closed> (0x042175b8) thrown at [C:\re\workspace\8-2-build-windows-i586-cygwin\jdk8u51\3951\hotspot\src\share\vm\prims\jni.cpp, line 735]
Event: 336.901 Thread 0x14747800 Exception <a 'java/net/SocketException': Socket closed> (0x04217950) thrown at [C:\re\workspace\8-2-build-windows-i586-cygwin\jdk8u51\3951\hotspot\src\share\vm\prims\jni.cpp, line 735]
Event: 336.901 Thread 0x14747800 Exception <a 'java/net/SocketException': Socket closed> (0x04217d00) thrown at [C:\re\workspace\8-2-build-windows-i586-cygwin\jdk8u51\3951\hotspot\src\share\vm\prims\jni.cpp, line 735]
Event: 336.901 Thread 0x14747800 Exception <a 'java/net/SocketException': Socket closed> (0x04218098) thrown at [C:\re\workspace\8-2-build-windows-i586-cygwin\jdk8u51\3951\hotspot\src\share\vm\prims\jni.cpp, line 735]
Event: 336.901 Thread 0x14747800 Exception <a 'java/net/SocketException': Socket closed> (0x04218430) thrown at [C:\re\workspace\8-2-build-windows-i586-cygwin\jdk8u51\3951\hotspot\src\share\vm\prims\jni.cpp, line 735]
Event: 336.901 Thread 0x14747800 Exception <a 'java/net/SocketException': Socket closed> (0x042187f8) thrown at [C:\re\workspace\8-2-build-windows-i586-cygwin\jdk8u51\3951\hotspot\src\share\vm\prims\jni.cpp, line 735]
Event: 336.901 Thread 0x14747800 Exception <a 'java/net/SocketException': Socket closed> (0x04218b90) thrown at [C:\re\workspace\8-2-build-windows-i586-cygwin\jdk8u51\3951\hotspot\src\share\vm\prims\jni.cpp, line 735]
Event: 336.902 Thread 0x14747800 Exception <a 'java/net/SocketException': Socket closed> (0x04218f40) thrown at [C:\re\workspace\8-2-build-windows-i586-cygwin\jdk8u51\3951\hotspot\src\share\vm\prims\jni.cpp, line 735]
Event: 336.902 Thread 0x14747800 Exception <a 'java/net/SocketException': Socket closed> (0x042192d8) thrown at [C:\re\workspace\8-2-build-windows-i586-cygwin\jdk8u51\3951\hotspot\src\share\vm\prims\jni.cpp, line 735]
Event: 336.902 Thread 0x14747800 Exception <a 'java/net/SocketException': Socket closed> (0x04219670) thrown at [C:\re\workspace\8-2-build-windows-i586-cygwin\jdk8u51\3951\hotspot\src\share\vm\prims\jni.cpp, line 735]

Events (10 events):
Event: 337.158 Executing VM operation: RevokeBias
Event: 337.159 Executing VM operation: RevokeBias done
Event: 337.159 Thread 0x14f1f800 Thread added: 0x14f1f800
Event: 337.161 Executing VM operation: RevokeBias
Event: 337.161 Executing VM operation: RevokeBias done
Event: 337.161 Executing VM operation: RevokeBias
Event: 337.161 Executing VM operation: RevokeBias done
Event: 337.161 Executing VM operation: RevokeBias
Event: 337.161 Executing VM operation: RevokeBias done
Event: 339.656 Thread 0x14780c00 Thread exited: 0x14780c00


Dynamic libraries:
0x01090000 - 0x010c3000 	C:\Program Files\Java\jdk1.8.0_51\bin\java.exe
0x76fd0000 - 0x7715d000 	C:\WINDOWS\SYSTEM32\ntdll.dll
0x74b70000 - 0x74c05000 	C:\WINDOWS\System32\KERNEL32.DLL
0x746c0000 - 0x74885000 	C:\WINDOWS\System32\KERNELBASE.dll
0x72640000 - 0x726d3000 	C:\WINDOWS\SYSTEM32\apphelp.dll
0x76380000 - 0x763f7000 	C:\WINDOWS\System32\ADVAPI32.dll
0x76880000 - 0x7693d000 	C:\WINDOWS\System32\msvcrt.dll
0x76400000 - 0x76441000 	C:\WINDOWS\System32\sechost.dll
0x74920000 - 0x749e7000 	C:\WINDOWS\System32\RPCRT4.dll
0x76e40000 - 0x76f70000 	C:\WINDOWS\System32\USER32.dll
0x73b70000 - 0x73b8a000 	C:\WINDOWS\System32\win32u.dll
0x76e10000 - 0x76e31000 	C:\WINDOWS\System32\GDI32.dll
0x73d30000 - 0x73e8d000 	C:\WINDOWS\System32\gdi32full.dll
0x73c70000 - 0x73ce9000 	C:\WINDOWS\System32\msvcp_win.dll
0x74420000 - 0x74538000 	C:\WINDOWS\System32\ucrtbase.dll
0x6c560000 - 0x6c76e000 	C:\WINDOWS\WinSxS\x86_microsoft.windows.common-controls_6595b64144ccf1df_6.0.15063.0_none_583b8639f462029f\COMCTL32.dll
0x765e0000 - 0x76818000 	C:\WINDOWS\System32\combase.dll
0x74890000 - 0x748e7000 	C:\WINDOWS\System32\bcryptPrimitives.dll
0x748f0000 - 0x74916000 	C:\WINDOWS\System32\IMM32.DLL
0x64260000 - 0x6431f000 	C:\Program Files\Java\jdk1.8.0_51\jre\bin\msvcr100.dll
0x55a20000 - 0x55de0000 	C:\Program Files\Java\jdk1.8.0_51\jre\bin\client\jvm.dll
0x76940000 - 0x76946000 	C:\WINDOWS\System32\PSAPI.DLL
0x699a0000 - 0x699a8000 	C:\WINDOWS\SYSTEM32\WSOCK32.dll
0x72530000 - 0x72554000 	C:\WINDOWS\SYSTEM32\WINMM.dll
0x762a0000 - 0x76307000 	C:\WINDOWS\System32\WS2_32.dll
0x710c0000 - 0x710c8000 	C:\WINDOWS\SYSTEM32\VERSION.dll
0x724b0000 - 0x724d3000 	C:\WINDOWS\SYSTEM32\WINMMBASE.dll
0x73cf0000 - 0x73d29000 	C:\WINDOWS\System32\cfgmgr32.dll
0x70240000 - 0x7024c000 	C:\Program Files\Java\jdk1.8.0_51\jre\bin\verify.dll
0x6b610000 - 0x6b631000 	C:\Program Files\Java\jdk1.8.0_51\jre\bin\java.dll
0x66260000 - 0x66289000 	C:\Program Files\Java\jdk1.8.0_51\jre\bin\jdwp.dll
0x6f2e0000 - 0x6f2e7000 	C:\Program Files\Java\jdk1.8.0_51\jre\bin\npt.dll
0x70200000 - 0x70213000 	C:\Program Files\Java\jdk1.8.0_51\jre\bin\zip.dll
0x74de0000 - 0x76128000 	C:\WINDOWS\System32\SHELL32.dll
0x749f0000 - 0x74a7c000 	C:\WINDOWS\System32\shcore.dll
0x73e90000 - 0x74417000 	C:\WINDOWS\System32\windows.storage.dll
0x76330000 - 0x76375000 	C:\WINDOWS\System32\shlwapi.dll
0x73b50000 - 0x73b5e000 	C:\WINDOWS\System32\kernel.appcore.dll
0x73af0000 - 0x73b35000 	C:\WINDOWS\System32\powrprof.dll
0x73b60000 - 0x73b70000 	C:\WINDOWS\System32\profapi.dll
0x6f400000 - 0x6f409000 	C:\Program Files\Java\jdk1.8.0_51\jre\bin\dt_shmem.dll
0x65230000 - 0x65375000 	C:\Program Files\Java\jdk1.8.0_51\jre\bin\awt.dll
0x76d70000 - 0x76e06000 	C:\WINDOWS\System32\OLEAUT32.dll
0x71ed0000 - 0x71ef3000 	C:\WINDOWS\system32\DWMAPI.DLL
0x727b0000 - 0x72829000 	C:\WINDOWS\system32\uxtheme.dll
0x76150000 - 0x76296000 	C:\WINDOWS\System32\MSCTF.dll
0x76450000 - 0x76543000 	C:\WINDOWS\System32\ole32.dll
0x6b520000 - 0x6b559000 	C:\Program Files\Java\jdk1.8.0_51\jre\bin\fontmanager.dll
0x5fee0000 - 0x5ff64000 	C:\WINDOWS\SYSTEM32\mscms.dll
0x73a00000 - 0x73a22000 	C:\WINDOWS\SYSTEM32\USERENV.dll
0x64fa0000 - 0x64fdd000 	C:\WINDOWS\SYSTEM32\icm32.dll
0x6f700000 - 0x6f715000 	C:\Program Files\Java\jdk1.8.0_51\jre\bin\net.dll
0x734b0000 - 0x73500000 	C:\WINDOWS\system32\mswsock.dll
0x6ff10000 - 0x6ff1f000 	C:\Program Files\Java\jdk1.8.0_51\jre\bin\nio.dll
0x732f0000 - 0x7336f000 	C:\WINDOWS\SYSTEM32\DNSAPI.dll
0x76130000 - 0x76137000 	C:\WINDOWS\System32\NSI.dll
0x732c0000 - 0x732ef000 	C:\WINDOWS\SYSTEM32\IPHLPAPI.DLL
0x6e1a0000 - 0x6e1a8000 	C:\Windows\System32\rasadhlp.dll
0x6be70000 - 0x6beba000 	C:\WINDOWS\System32\fwpuclnt.dll
0x739e0000 - 0x739fa000 	C:\WINDOWS\SYSTEM32\bcrypt.dll
0x167a0000 - 0x1687d000 	C:\Windows\System32\EasyInner.dll
0x76550000 - 0x765d3000 	C:\WINDOWS\System32\clbcatq.dll
0x16a70000 - 0x16a93000 	C:\Windows\system32\InnerTCPLib.dll
0x66000000 - 0x66153000 	C:\Windows\system32\MSVBVM60.DLL
0x73950000 - 0x739d6000 	C:\WINDOWS\SYSTEM32\SXS.DLL
0x22170000 - 0x2218c000 	C:\WINDOWS\system32\MSWINSCK.OCX
0x00400000 - 0x0041c000 	C:\WINDOWS\SYSTEM32\InnerTCP.dll
0x40000000 - 0x401f2000 	C:\WINDOWS\SYSTEM32\VCL50.BPL
0x74a80000 - 0x74b6f000 	C:\WINDOWS\System32\comdlg32.dll
0x707a0000 - 0x707b6000 	C:\WINDOWS\SYSTEM32\mpr.dll
0x65b10000 - 0x65b35000 	C:\WINDOWS\SYSTEM32\oledlg.dll
0x70fe0000 - 0x7104e000 	C:\WINDOWS\SYSTEM32\winspool.drv
0x6f940000 - 0x6f9a7000 	C:\WINDOWS\System32\TextInputFramework.dll
0x6e840000 - 0x6ea67000 	C:\WINDOWS\System32\CoreUIComponents.dll
0x71d50000 - 0x71dfc000 	C:\WINDOWS\System32\CoreMessaging.dll
0x70930000 - 0x70a01000 	C:\WINDOWS\SYSTEM32\wintypes.dll
0x72f30000 - 0x72f58000 	C:\WINDOWS\SYSTEM32\ntmarta.dll
0x70f40000 - 0x70f50000 	C:\WINDOWS\SYSTEM32\usermgrcli.dll
0x725d0000 - 0x72600000 	C:\Program Files\Java\jdk1.8.0_51\jre\bin\t2k.dll
0x67b80000 - 0x67cdd000 	C:\WINDOWS\SYSTEM32\dbghelp.dll

VM Arguments:
jvm_args: -Xdebug -Xrunjdwp:transport=dt_shmem,address=javadebug -Dfile.encoding=UTF-8 
java_command: com.topdata.easyInner.ui.JFRMainCatraca
java_class_path (initial): C:\Users\Claudemir Rtools\Documents\Projetos\Catraca v5\lib\NBioBSPJNI.jar;C:\Users\Claudemir Rtools\Documents\Projetos\Catraca v5\lib\jl1.0.jar;C:\Users\Claudemir Rtools\Documents\Projetos\Catraca v5\lib\jogg-0.0.7.jar;C:\Users\Claudemir Rtools\Documents\Projetos\Catraca v5\lib\jorbis-0.0.13.jar;C:\Users\Claudemir Rtools\Documents\Projetos\Catraca v5\lib\mp3spi1.9.4.jar;C:\Users\Claudemir Rtools\Documents\Projetos\Catraca v5\lib\postgresql-9.3-1102.jdbc4.jar;C:\Users\Claudemir Rtools\Documents\Projetos\Catraca v5\lib\tritonus_share.jar;C:\Users\Claudemir Rtools\Documents\Projetos\Catraca v5\lib\vorbisspi1.0.1.jar;C:\Users\Claudemir Rtools\Documents\Projetos\Catraca v5\lib\java-json.jar;C:\Program Files\NetBeans 8.2\java\modules\ext\eclipselink\eclipselink.jar;C:\Program Files\NetBeans 8.2\java\modules\ext\eclipselink\javax.persistence_2.1.0.v201304241213.jar;C:\Program Files\NetBeans 8.2\java\modules\ext\eclipselink\org.eclipse.persistence.jpa.jpql_2.5.2.v20140319-9ad6abd.jar;C:\Users\Claudemir Rtools\Documents\Projetos\Catraca v5\lib\tyrus-standalone-client-1.13.jar;C:\Users\Claudemir Rtools\Documents\Projetos\Catraca v5\lib\tyrus-client-1.13.jar;C:\Users\Claudemir Rtools\Documents\Projetos\Catraca v5\lib\tyrus-container-glassfish-cdi-1.13.jar;C:\Users\Claudemir Rtools\Documents\Projetos\Catraca v5\lib\tyrus-container-grizzly-client-1.13.jar;C:\Users\Claudemir Rtools\Documents\Projetos\Catraca v5\lib\tyrus-container-servlet-1.13.jar;C:\Users\Claudemir Rtools\Documents\Projetos\Catraca v5\lib\tyrus-core-1.13.jar;C:\Users\Claudemir Rtools\Documents\Projetos\Catraca v5\lib\tyrus-server-1.13.jar;C:\Users\Claudemir Rtools\Documents\Projetos\Catraca v5\lib\tyrus-spi-1.13.jar;C:\Users\Claudemir Rtools\Documents\Projetos\Catraca v5\build\classes
Launcher Type: SUN_STANDARD

Environment Variables:
JAVA_HOME=C:\Program Files\Java\jdk1.8.0_51
PATH=C:\ProgramData\Oracle\Java\javapath;C:\WINDOWS\system32;C:\WINDOWS;C:\WINDOWS\System32\Wbem;C:\WINDOWS\System32\WindowsPowerShell\v1.0\;C:\Program Files\Bitvise SSH Client;C:\xampp\php;C:\ProgramData\ComposerSetup\bin;C:\Program Files\nodejs\;C:\Program Files\Skype\Phone\;C:\Program Files\Git\cmd;C:\Program Files\PuTTY\;C:\OpenSSL-Win32\bin;C:\Users\Claudemir Rtools\AppData\Local\Microsoft\WindowsApps;C:\Users\Claudemir Rtools\AppData\Roaming\Composer\vendor\bin;C:\Users\Claudemir Rtools\AppData\Roaming\npm;C:\OpenSSL-Win32\bin;
USERNAME=Claudemir Rtools
OS=Windows_NT
PROCESSOR_IDENTIFIER=x86 Family 6 Model 42 Stepping 7, GenuineIntel



---------------  S Y S T E M  ---------------

OS: Windows 10.0 Build 15063 (10.0.15063.296)

CPU:total 4 (2 cores per cpu, 2 threads per core) family 6 model 42 stepping 7, cmov, cx8, fxsr, mmx, sse, sse2, sse3, ssse3, sse4.1, sse4.2, popcnt, avx, clmul, ht, tsc, tscinvbit

Memory: 4k page, physical 3568456k(451008k free), swap 5927752k(1101044k free)

vm_info: Java HotSpot(TM) Client VM (25.51-b03) for windows-x86 JRE (1.8.0_51-b16), built on Jun  8 2015 18:00:23 by "java_re" with MS VC++ 10.0 (VS2010)

time: Tue Oct 17 16:53:42 2017
elapsed time: 350 seconds (0d 0h 5m 50s)

